Determining if the pthread_create exist failed with the following output:
Change Dir: /home/cs104/hw-ykelty/hw2/hw2_tests/CMakeFiles/CMakeTmp

Run Build Command:"/usr/bin/make" "cmTC_0745c/fast"
/usr/bin/make -f CMakeFiles/cmTC_0745c.dir/build.make CMakeFiles/cmTC_0745c.dir/build
make[1]: Entering directory '/home/cs104/hw-ykelty/hw2/hw2_tests/CMakeFiles/CMakeTmp'
Building C object CMakeFiles/cmTC_0745c.dir/CheckSymbolExists.c.o
/usr/bin/cc     -o CMakeFiles/cmTC_0745c.dir/CheckSymbolExists.c.o   -c /home/cs104/hw-ykelty/hw2/hw2_tests/CMakeFiles/CMakeTmp/CheckSymbolExists.c
Linking C executable cmTC_0745c
/usr/bin/cmake -E cmake_link_script CMakeFiles/cmTC_0745c.dir/link.txt --verbose=1
/usr/bin/cc       CMakeFiles/cmTC_0745c.dir/CheckSymbolExists.c.o  -o cmTC_0745c 
CMakeFiles/cmTC_0745c.dir/CheckSymbolExists.c.o: In function `main':
CheckSymbolExists.c:(.text+0x16): undefined reference to `pthread_create'
collect2: error: ld returned 1 exit status
CMakeFiles/cmTC_0745c.dir/build.make:97: recipe for target 'cmTC_0745c' failed
make[1]: *** [cmTC_0745c] Error 1
make[1]: Leaving directory '/home/cs104/hw-ykelty/hw2/hw2_tests/CMakeFiles/CMakeTmp'
Makefile:126: recipe for target 'cmTC_0745c/fast' failed
make: *** [cmTC_0745c/fast] Error 2

File /home/cs104/hw-ykelty/hw2/hw2_tests/CMakeFiles/CMakeTmp/CheckSymbolExists.c:
/* */
#include <pthread.h>

int main(int argc, char** argv)
{
  (void)argv;
#ifndef pthread_create
  return ((int*)(&pthread_create))[argc];
#else
  (void)argc;
  return 0;
#endif
}

Determining if the function pthread_create exists in the pthreads failed with the following output:
Change Dir: /home/cs104/hw-ykelty/hw2/hw2_tests/CMakeFiles/CMakeTmp

Run Build Command:"/usr/bin/make" "cmTC_a5d74/fast"
/usr/bin/make -f CMakeFiles/cmTC_a5d74.dir/build.make CMakeFiles/cmTC_a5d74.dir/build
make[1]: Entering directory '/home/cs104/hw-ykelty/hw2/hw2_tests/CMakeFiles/CMakeTmp'
Building C object CMakeFiles/cmTC_a5d74.dir/CheckFunctionExists.c.o
/usr/bin/cc    -DCHECK_FUNCTION_EXISTS=pthread_create   -o CMakeFiles/cmTC_a5d74.dir/CheckFunctionExists.c.o   -c /usr/share/cmake-3.5/Modules/CheckFunctionExists.c
Linking C executable cmTC_a5d74
/usr/bin/cmake -E cmake_link_script CMakeFiles/cmTC_a5d74.dir/link.txt --verbose=1
/usr/bin/cc   -DCHECK_FUNCTION_EXISTS=pthread_create    CMakeFiles/cmTC_a5d74.dir/CheckFunctionExists.c.o  -o cmTC_a5d74 -lpthreads 
/usr/bin/ld: cannot find -lpthreads
collect2: error: ld returned 1 exit status
CMakeFiles/cmTC_a5d74.dir/build.make:97: recipe for target 'cmTC_a5d74' failed
make[1]: *** [cmTC_a5d74] Error 1
make[1]: Leaving directory '/home/cs104/hw-ykelty/hw2/hw2_tests/CMakeFiles/CMakeTmp'
Makefile:126: recipe for target 'cmTC_a5d74/fast' failed
make: *** [cmTC_a5d74/fast] Error 2


Checking whether C++ compiler has '__int64' failed to compile with the following output:
Change Dir: /home/cs104/hw-ykelty/hw2/hw2_tests/testing_utils/kwsys/CMakeFiles/CMakeTmp

Run Build Command:"/usr/bin/make" "cmTC_4fad4/fast"
/usr/bin/make -f CMakeFiles/cmTC_4fad4.dir/build.make CMakeFiles/cmTC_4fad4.dir/build
make[1]: Entering directory '/home/cs104/hw-ykelty/hw2/hw2_tests/testing_utils/kwsys/CMakeFiles/CMakeTmp'
Building CXX object CMakeFiles/cmTC_4fad4.dir/kwsysPlatformTestsCXX.cxx.o
/usr/bin/c++   -DTEST_KWSYS_CXX_HAS___INT64  -Wall    -o CMakeFiles/cmTC_4fad4.dir/kwsysPlatformTestsCXX.cxx.o -c /home/cs104/hw-ykelty/hw2/hw2_tests/testing_utils/kwsys/kwsysPlatformTestsCXX.cxx
/home/cs104/hw-ykelty/hw2/hw2_tests/testing_utils/kwsys/kwsysPlatformTestsCXX.cxx:24:1: error: ‘__int64’ does not name a type
 __int64 f(__int64 n)
 ^
/home/cs104/hw-ykelty/hw2/hw2_tests/testing_utils/kwsys/kwsysPlatformTestsCXX.cxx: In function ‘int main()’:
/home/cs104/hw-ykelty/hw2/hw2_tests/testing_utils/kwsys/kwsysPlatformTestsCXX.cxx:30:3: error: ‘__int64’ was not declared in this scope
   __int64 n = 0;
   ^
/home/cs104/hw-ykelty/hw2/hw2_tests/testing_utils/kwsys/kwsysPlatformTestsCXX.cxx:31:29: error: ‘n’ was not declared in this scope
   return static_cast<int>(f(n));
                             ^
/home/cs104/hw-ykelty/hw2/hw2_tests/testing_utils/kwsys/kwsysPlatformTestsCXX.cxx:31:30: error: ‘f’ was not declared in this scope
   return static_cast<int>(f(n));
                              ^
CMakeFiles/cmTC_4fad4.dir/build.make:65: recipe for target 'CMakeFiles/cmTC_4fad4.dir/kwsysPlatformTestsCXX.cxx.o' failed
make[1]: *** [CMakeFiles/cmTC_4fad4.dir/kwsysPlatformTestsCXX.cxx.o] Error 1
make[1]: Leaving directory '/home/cs104/hw-ykelty/hw2/hw2_tests/testing_utils/kwsys/CMakeFiles/CMakeTmp'
Makefile:126: recipe for target 'cmTC_4fad4/fast' failed
make: *** [cmTC_4fad4/fast] Error 2


Checking whether CXX compiler has environ in stdlib.h failed to compile with the following output:
Change Dir: /home/cs104/hw-ykelty/hw2/hw2_tests/testing_utils/kwsys/CMakeFiles/CMakeTmp

Run Build Command:"/usr/bin/make" "cmTC_24483/fast"
/usr/bin/make -f CMakeFiles/cmTC_24483.dir/build.make CMakeFiles/cmTC_24483.dir/build
make[1]: Entering directory '/home/cs104/hw-ykelty/hw2/hw2_tests/testing_utils/kwsys/CMakeFiles/CMakeTmp'
Building CXX object CMakeFiles/cmTC_24483.dir/kwsysPlatformTestsCXX.cxx.o
/usr/bin/c++   -DTEST_KWSYS_CXX_HAS_ENVIRON_IN_STDLIB_H  -Wall    -o CMakeFiles/cmTC_24483.dir/kwsysPlatformTestsCXX.cxx.o -c /home/cs104/hw-ykelty/hw2/hw2_tests/testing_utils/kwsys/kwsysPlatformTestsCXX.cxx
/home/cs104/hw-ykelty/hw2/hw2_tests/testing_utils/kwsys/kwsysPlatformTestsCXX.cxx: In function ‘int main()’:
/home/cs104/hw-ykelty/hw2/hw2_tests/testing_utils/kwsys/kwsysPlatformTestsCXX.cxx:196:13: error: ‘environ’ was not declared in this scope
   char* e = environ[0];
             ^
CMakeFiles/cmTC_24483.dir/build.make:65: recipe for target 'CMakeFiles/cmTC_24483.dir/kwsysPlatformTestsCXX.cxx.o' failed
make[1]: *** [CMakeFiles/cmTC_24483.dir/kwsysPlatformTestsCXX.cxx.o] Error 1
make[1]: Leaving directory '/home/cs104/hw-ykelty/hw2/hw2_tests/testing_utils/kwsys/CMakeFiles/CMakeTmp'
Makefile:126: recipe for target 'cmTC_24483/fast' failed
make: *** [cmTC_24483/fast] Error 2


Checking whether CXX compiler struct stat has st_mtimespec member failed to compile with the following output:
Change Dir: /home/cs104/hw-ykelty/hw2/hw2_tests/testing_utils/kwsys/CMakeFiles/CMakeTmp

Run Build Command:"/usr/bin/make" "cmTC_47413/fast"
/usr/bin/make -f CMakeFiles/cmTC_47413.dir/build.make CMakeFiles/cmTC_47413.dir/build
make[1]: Entering directory '/home/cs104/hw-ykelty/hw2/hw2_tests/testing_utils/kwsys/CMakeFiles/CMakeTmp'
Building CXX object CMakeFiles/cmTC_47413.dir/kwsysPlatformTestsCXX.cxx.o
/usr/bin/c++   -DTEST_KWSYS_CXX_STAT_HAS_ST_MTIMESPEC  -Wall    -o CMakeFiles/cmTC_47413.dir/kwsysPlatformTestsCXX.cxx.o -c /home/cs104/hw-ykelty/hw2/hw2_tests/testing_utils/kwsys/kwsysPlatformTestsCXX.cxx
/home/cs104/hw-ykelty/hw2/hw2_tests/testing_utils/kwsys/kwsysPlatformTestsCXX.cxx: In function ‘int main()’:
/home/cs104/hw-ykelty/hw2/hw2_tests/testing_utils/kwsys/kwsysPlatformTestsCXX.cxx:57:15: error: ‘struct stat’ has no member named ‘st_mtimespec’
   (void)stat1.st_mtimespec.tv_sec;
               ^
/home/cs104/hw-ykelty/hw2/hw2_tests/testing_utils/kwsys/kwsysPlatformTestsCXX.cxx:58:15: error: ‘struct stat’ has no member named ‘st_mtimespec’
   (void)stat1.st_mtimespec.tv_nsec;
               ^
CMakeFiles/cmTC_47413.dir/build.make:65: recipe for target 'CMakeFiles/cmTC_47413.dir/kwsysPlatformTestsCXX.cxx.o' failed
make[1]: *** [CMakeFiles/cmTC_47413.dir/kwsysPlatformTestsCXX.cxx.o] Error 1
make[1]: Leaving directory '/home/cs104/hw-ykelty/hw2/hw2_tests/testing_utils/kwsys/CMakeFiles/CMakeTmp'
Makefile:126: recipe for target 'cmTC_47413/fast' failed
make: *** [cmTC_47413/fast] Error 2


